resolvers       > trees > analyzing 'home:texmf'

open source     > level 1, order 1, name '/home/zkosic/git/context/tex/texmf-context/tex/context/base/mkiv/cont-yes.mkiv'
system          > 
system          > ConTeXt  ver: 2017.05.15 21:48 MKIV beta  fmt: 2017.7.11  int: english/english
system          > 
system          > 'cont-new.mkiv' loaded
open source     > level 2, order 2, name '/home/zkosic/git/context/tex/texmf-context/tex/context/base/mkiv/cont-new.mkiv'
close source    > level 2, order 2, name '/home/zkosic/git/context/tex/texmf-context/tex/context/base/mkiv/cont-new.mkiv'
system          > files > jobname 'perf', input './perf', result 'perf'
fonts           > latin modern fonts are not preloaded
languages       > language 'en' is active
open source     > level 2, order 3, name '/home/zkosic/git/perf/perf.tex'
resolvers       > modules > 'caesar' is loaded
open source     > level 3, order 4, name 't-caesar.tex'
resolvers       > modules > 'annotation' is loaded
interface       > macros > processed mkvi file '/home/zkosic/git/context/tex/texmf-modules/tex/context/third/annotation/t-annotation.mkvi', delta 295
interface       > macros > processed mkvi file '/home/zkosic/git/context/tex/texmf-modules/tex/context/third/annotation/t-annotation.mkvi', delta 0
open source     > level 4, order 5, name '/home/zkosic/git/context/tex/texmf-modules/tex/context/third/annotation/t-annotation.mkvi'
loading         > ConTeXt User Module / Annotations
resolvers       > lua > loading file '/home/zkosic/git/context/tex/texmf-modules/tex/context/third/annotation/t-annotation.lua' succeeded
close source    > level 4, order 5, name '/home/zkosic/git/context/tex/texmf-modules/tex/context/third/annotation/t-annotation.mkvi'
close source    > level 3, order 5, name 't-caesar.tex'
colors          > 'rgb' color space is supported
colors          > 'cmyk' color space is supported
open source     > level 3, order 6, name '/home/zkosic/git/context/tex/texmf-context/tex/context/base/mkiv/colo-imp-xwi.mkiv'
close source    > level 3, order 6, name '/home/zkosic/git/context/tex/texmf-context/tex/context/base/mkiv/colo-imp-xwi.mkiv'
colors          > system 'xwi' is loaded
fonts           > preloading modern-designsize (math)
fonts           > typescripts > unknown library 'modern-designsize'
fonts           > 'fallback modern-designsize mm 10pt' is loaded
math            > fallbacks > missing U+02057 prime in font 'Linux Libertine O'
math            > fallbacks > missing U+02057 prime in font 'Linux Libertine O-2'
math            > fallbacks > missing U+02057 prime in font 'Linux Libertine O-2'
math            > fallbacks > missing U+02057 prime in font 'Linux Libertine O-2'
backend         > xmp > using file '/home/zkosic/git/context/tex/texmf-context/tex/context/base/mkiv/lpdf-pdx.xml'
pages           > flushing realpage 1, userpage 1, subpage 1
pages           > flushing realpage 2, userpage 1
structures      > begin of sectionblock 'bodypart'
structure       > sectioning > title @ level 2 : 0.0 -> \headtext {content}
open source     > level 3, order 7, name 'introduction.tex'
pages           > flushing realpage 3, userpage 2
pages           > flushing realpage 4, userpage 3
structure       > sectioning > chapter @ level 2 : 0.1 -> Introduction
structure       > sectioning > section @ level 3 : 0.1.1 -> perf tool
math            > fallbacks > missing U+02057 prime in font 'Linux Libertine O'
close source    > level 3, order 7, name 'introduction.tex'
open source     > level 3, order 8, name 'prerequisites.tex'
structure       > sectioning > section @ level 3 : 0.1.2 -> prerequisites
structure       > sectioning > subsection @ level 4 : 0.1.2.1 -> Debug Symbols
structure       > sectioning > subsubsection @ level 5 : 0.1.2.1.1 -> Where are debug symbols saved?
fonts           > defining > font 'consola', feature 'locl', script 'latn', no language 'dflt'
math            > fallbacks > missing U+02057 prime in font 'Linux Libertine O'
fonts           > bodyfont '6.0pt' is defined (can better be done global)
fonts           > bodyfont '7.2pt' is defined (can better be done global)
fonts           > bodyfont '4.8pt' is defined (can better be done global)
math            > fallbacks > missing U+02057 prime in font 'Linux Libertine O'
math            > fallbacks > missing U+02057 prime in font 'Linux Libertine O-2'
fonts           > defining > font 'consola', feature 'locl', script 'latn', no language 'dflt'
metapost        > initializing instance 'metafun' using format 'metafun'
metapost        > loading 'metafun' as '/home/zkosic/git/context/tex/texmf-context/metapost/context/base/mpiv/metafun.mpiv' using method 'default'
metapost        > initializing number mode 'scaled'
pages           > flushing realpage 5, userpage 4
fonts           > bodyfont '6.0pt' is defined (can better be done global)
fonts           > bodyfont '7.2pt' is defined (can better be done global)
fonts           > bodyfont '4.8pt' is defined (can better be done global)
fonts           > bodyfont '6.0pt' is defined (can better be done global)
fonts           > bodyfont '7.2pt' is defined (can better be done global)
fonts           > bodyfont '4.8pt' is defined (can better be done global)

Overfull \hbox (20.13078pt too wide) in paragraph at lines 136--163
\2>ChapterNumber--0  [] []  [] []  [] []  [] []  [] []

\hbox(6.98+2.38)x375.57637, glue set - 1.0, direction TLT
.\2>ChapterNumber--0 
.\2>ChapterNumber--0 
.\glue(\spaceskip) 2.5 plus 1.25 minus 0.83333
.\penalty 10000
.\glue 0.0
.etc.

pages           > flushing realpage 6, userpage 5
floatblocks     > '1' placed
structure       > sectioning > subsection @ level 4 : 0.1.2.2 -> Frame Pointer
floatblocks     > '2' placed

Overfull \hbox (0.90102pt too wide) in paragraph at lines 223--226
[][]\2>ChapterNumber--0 The de-bug-ger has to im-ple-ment stack un-wind-ing with the de-bug in-for-ma-tion in the \3>libertine-10pt-rm-it-0--0 .eh_frame

\hbox(6.98+2.38)x375.57637, glue set - 1.0, direction TLT
.\localpar
..\localinterlinepenalty=0
..\localbrokenpenalty=0
..\localleftbox=null
..\localrightbox=null
.\hbox(0.0+0.0)x10.0, direction TLT
.\latelua0 <function 515>
.\2>ChapterNumber--0  (ligature Th)
.\2>ChapterNumber--0 e
.etc.

structure       > sectioning > subsubsection @ level 5 : 0.1.2.2.1 -> Why is this important for {\em perf}?
close source    > level 3, order 8, name 'prerequisites.tex'
open source     > level 3, order 9, name 'system-prerequisites.tex'
pages           > flushing realpage 7, userpage 6
pages           > flushing realpage 8, userpage 7
structure       > sectioning > chapter @ level 2 : 0.2 -> System Prerequisites
structure       > sectioning > section @ level 3 : 0.2.1 -> Logical Partition (LPAR)
floatblocks     > '3' placed
fonts           > defining > font 'consola', feature 'locl', script 'latn', no language 'dflt'
math            > fallbacks > missing U+02057 prime in font 'Linux Libertine O'
fonts           > bodyfont '6.0pt' is defined (can better be done global)
fonts           > bodyfont '7.2pt' is defined (can better be done global)
fonts           > bodyfont '4.8pt' is defined (can better be done global)
math            > fallbacks > missing U+02057 prime in font 'Linux Libertine O'
fonts           > defining > font 'consola', feature 'locl', script 'latn', no language 'dflt'

Overfull \hbox (3.22949pt too wide) in paragraph at lines 46--65
 []        \3>libertine-6pt-tt-tf-4--4 -i    Displays detailed information. 

\hbox(7.20001+2.79999)x105.27519, direction TLT
.\glue(\leftskip) 5.69054
.\localpar
..\localinterlinepenalty=0
..\localbrokenpenalty=0
..\localleftbox=null
..\localrightbox=null
.\hbox(7.20001+2.79999)x0.0, direction TLT
.\glue 2.33669
.\glue 2.33669
.etc.


Overfull \hbox (5.56618pt too wide) in paragraph at lines 176--198
 []              \3>libertine-6pt-tt-tf-4--4 activate the sampling facility. 

\hbox(7.20001+2.79999)x105.27519, direction TLT
.\glue(\leftskip) 5.69054
.\localpar
..\localinterlinepenalty=0
..\localbrokenpenalty=0
..\localleftbox=null
..\localrightbox=null
.\hbox(7.20001+2.79999)x0.0, direction TLT
.\glue 2.33669
.\glue 2.33669
.etc.


Overfull \hbox (0.8928pt too wide) in paragraph at lines 238--257
 []        \3>libertine-6pt-tt-tf-4--4 -v    Displays version information, 

\hbox(7.20001+2.79999)x105.27519, direction TLT
.\glue(\leftskip) 5.69054
.\localpar
..\localinterlinepenalty=0
..\localbrokenpenalty=0
..\localleftbox=null
..\localrightbox=null
.\hbox(7.20001+2.79999)x0.0, direction TLT
.\glue 2.33669
.\glue 2.33669
.etc.

fonts           > bodyfont '6.0pt' is defined (can better be done global)
fonts           > bodyfont '7.2pt' is defined (can better be done global)
fonts           > bodyfont '4.8pt' is defined (can better be done global)
structure       > sectioning > section @ level 3 : 0.2.2 -> ramfs
pages           > flushing realpage 9, userpage 8
fonts           > bodyfont '6.0pt' is defined (can better be done global)
fonts           > bodyfont '7.2pt' is defined (can better be done global)
fonts           > bodyfont '4.8pt' is defined (can better be done global)
close source    > level 3, order 9, name 'system-prerequisites.tex'
open source     > level 3, order 10, name 'first-steps.tex'
pages           > flushing realpage 10, userpage 9
structure       > sectioning > chapter @ level 2 : 0.3 -> First Steps
structure       > sectioning > section @ level 3 : 0.3.1 -> perf list
fonts           > bodyfont '6.0pt' is defined (can better be done global)
fonts           > bodyfont '7.2pt' is defined (can better be done global)
fonts           > bodyfont '4.8pt' is defined (can better be done global)
fonts           > bodyfont '6.0pt' is defined (can better be done global)
fonts           > bodyfont '7.2pt' is defined (can better be done global)
fonts           > bodyfont '4.8pt' is defined (can better be done global)
fonts           > bodyfont '6.0pt' is defined (can better be done global)
fonts           > bodyfont '7.2pt' is defined (can better be done global)
fonts           > bodyfont '4.8pt' is defined (can better be done global)
close source    > level 3, order 10, name 'first-steps.tex'
open source     > level 3, order 11, name 'live-preview.tex'
structure       > sectioning > section @ level 3 : 0.3.2 -> Live preview
fonts           > bodyfont '6.0pt' is defined (can better be done global)
fonts           > bodyfont '7.2pt' is defined (can better be done global)
fonts           > bodyfont '4.8pt' is defined (can better be done global)
pages           > flushing realpage 11, userpage 10
fonts           > bodyfont '6.0pt' is defined (can better be done global)
fonts           > bodyfont '7.2pt' is defined (can better be done global)
fonts           > bodyfont '4.8pt' is defined (can better be done global)
close source    > level 3, order 11, name 'live-preview.tex'
open source     > level 3, order 12, name 'counting-events.tex'
pages           > flushing realpage 12, userpage 11
structure       > sectioning > chapter @ level 2 : 0.4 -> Counting events
structure       > sectioning > section @ level 3 : 0.4.1 -> perf stat
fonts           > bodyfont '6.0pt' is defined (can better be done global)
fonts           > bodyfont '7.2pt' is defined (can better be done global)
fonts           > bodyfont '4.8pt' is defined (can better be done global)
fonts           > bodyfont '6.0pt' is defined (can better be done global)
fonts           > bodyfont '7.2pt' is defined (can better be done global)
fonts           > bodyfont '4.8pt' is defined (can better be done global)
fonts           > bodyfont '6.0pt' is defined (can better be done global)
fonts           > bodyfont '7.2pt' is defined (can better be done global)
fonts           > bodyfont '4.8pt' is defined (can better be done global)
fonts           > bodyfont '6.0pt' is defined (can better be done global)
fonts           > bodyfont '7.2pt' is defined (can better be done global)
fonts           > bodyfont '4.8pt' is defined (can better be done global)
structure       > sectioning > subsection @ level 4 : 0.4.1.1 -> Counting Backlog
fonts           > bodyfont '6.0pt' is defined (can better be done global)
fonts           > bodyfont '7.2pt' is defined (can better be done global)
fonts           > bodyfont '4.8pt' is defined (can better be done global)
pages           > flushing realpage 13, userpage 12
close source    > level 3, order 12, name 'counting-events.tex'
open source     > level 3, order 13, name 'recording-events.tex'
pages           > flushing realpage 14, userpage 13
structure       > sectioning > chapter @ level 2 : 0.5 -> sampling events
structure       > sectioning > section @ level 3 : 0.5.1 -> perf record
fonts           > bodyfont '6.0pt' is defined (can better be done global)
fonts           > bodyfont '7.2pt' is defined (can better be done global)
fonts           > bodyfont '4.8pt' is defined (can better be done global)
fonts           > bodyfont '6.0pt' is defined (can better be done global)
fonts           > bodyfont '7.2pt' is defined (can better be done global)
fonts           > bodyfont '4.8pt' is defined (can better be done global)

Overfull \hbox (38.04793pt too wide) in paragraph at lines 131--189
 [][]\3>libertine-6pt-tt-tf-0--0 # cmdline : /mnt/󰁤ddc/kernel/latest/tools/perf record -F 󰁢󰁧 -e cpu-cycles -- md󰁣sum /boot/vmlinux-󰁢.󰁟󰁟.󰁜-󰁠󰁜󰁟󰁥󰁜󰁣󰁜󰁣.󰁜.󰁦󰁣󰁥󰁟fc󰁣.󰁤b󰁜󰁡󰁥󰁟󰁜.fc󰁠󰁣.s󰁡󰁧󰁜xdefault

\hbox(5.1892+2.01802)x375.57637, direction TLT
.\glue(\leftskip) 5.69054
.\localpar
..\localinterlinepenalty=0
..\localbrokenpenalty=0
..\localleftbox=null
..\localrightbox=null
.\latelua0 <function 523>
.\hbox(5.1892+2.01802)x0.0, direction TLT
.\3>libertine-6pt-tt-tf-0--0 #
.etc.


Overfull \hbox (4.38297pt too wide) in paragraph at lines 131--189
 \3>libertine-6pt-tt-tf-0--0 /boot/vmlinux-󰁢.󰁟󰁟.󰁜-󰁠󰁜󰁟󰁥󰁜󰁣󰁜󰁣.󰁜.󰁦󰁣󰁥󰁟fc󰁣.󰁤b󰁜󰁡󰁥󰁟󰁜.fc󰁠󰁣.s󰁡󰁧󰁜xperformance /boot/vmlinux-󰁢.󰁟󰁟.󰁜-󰁠󰁜󰁟󰁥󰁜󰁣󰁜󰁣.󰁜.󰁦󰁣󰁥󰁟fc󰁣.󰁤b󰁜󰁡󰁥󰁟󰁜.fc󰁠󰁣.s󰁡󰁧󰁜xzfcpdump

\hbox(3.54861+1.021)x375.57637, direction TLT
.\glue(\leftskip) 5.69054
.\3>libertine-6pt-tt-tf-0--0 /
.\3>libertine-6pt-tt-tf-0--0 b
.\3>libertine-6pt-tt-tf-0--0 o
.\3>libertine-6pt-tt-tf-0--0 o
.etc.


Overfull \hbox (78.85818pt too wide) in paragraph at lines 131--189
 \3>libertine-6pt-tt-tf-0--0 /boot/vmlinux-󰁢.󰁟󰁟.󰁜-󰁠󰁜󰁟󰁥󰁜󰁣󰁜󰁣.󰁜.daa󰁤a󰁦b.󰁤b󰁜󰁡󰁥󰁟󰁜.fc󰁠󰁣.s󰁡󰁧󰁜xkvm /boot/vmlinuz /boot/vmlinuz-󰁢.󰁟󰁟.󰁜-󰁜󰁜󰁜󰁜󰁠-g󰁤dc󰁜󰁠󰁡󰁢-dirty /boot/vmlinuz-󰁢.󰁟󰁟.󰁜-󰁜󰁜󰁜󰁜󰁠-g󰁤dc󰁜󰁠󰁡󰁢-dirty.old

\hbox(3.54861+1.0459)x375.57637, direction TLT
.\glue(\leftskip) 5.69054
.\3>libertine-6pt-tt-tf-0--0 /
.\3>libertine-6pt-tt-tf-0--0 b
.\3>libertine-6pt-tt-tf-0--0 o
.\3>libertine-6pt-tt-tf-0--0 o
.etc.


Overfull \hbox (111.87572pt too wide) in paragraph at lines 131--189
 \3>libertine-6pt-tt-tf-0--0 /boot/vmlinuz-󰁢.󰁟󰁟.󰁜-󰁜󰁡󰁢󰁠󰁠-g󰁜󰁠󰁦fd󰁥c-dirty /boot/vmlinuz-󰁢.󰁟󰁟.󰁜-󰁜󰁡󰁢󰁠󰁠-g󰁜󰁠󰁦fd󰁥c-dirty.old /boot/vmlinuz-󰁢.󰁟󰁟.󰁜-󰁜󰁡󰁢󰁠󰁢-g󰁧󰁧ce󰁟a󰁣-dirty /boot/vmlinuz-󰁢.󰁟󰁟.󰁜-󰁜󰁡󰁢󰁠󰁢-g󰁧󰁧ce󰁟a󰁣-dirty.old

\hbox(3.54861+1.0459)x375.57637, direction TLT
.\glue(\leftskip) 5.69054
.\3>libertine-6pt-tt-tf-0--0 /
.\3>libertine-6pt-tt-tf-0--0 b
.\3>libertine-6pt-tt-tf-0--0 o
.\3>libertine-6pt-tt-tf-0--0 o
.etc.


Overfull \hbox (62.28633pt too wide) in paragraph at lines 131--189
 \3>libertine-6pt-tt-tf-0--0 /boot/vmlinuz-󰁢.󰁟󰁟.󰁜-󰁠󰁜󰁟󰁥󰁜󰁣󰁜󰁣.󰁜.daa󰁤a󰁦b.󰁤b󰁜󰁡󰁥󰁟󰁜.fc󰁠󰁣.s󰁡󰁧󰁜xkvm /boot/vmlinuz-󰁢.󰁟󰁟.󰁜-rc󰁤-󰁜󰁜󰁜󰁜󰁟-ged󰁣󰁦󰁣a󰁥-dirty /boot/vmlinuz-󰁢.󰁟󰁟.󰁜-rc󰁤-󰁜󰁜󰁜󰁜󰁟-ged󰁣󰁦󰁣a󰁥-dirty.old

\hbox(3.54861+1.0459)x375.57637, direction TLT
.\glue(\leftskip) 5.69054
.\3>libertine-6pt-tt-tf-0--0 /
.\3>libertine-6pt-tt-tf-0--0 b
.\3>libertine-6pt-tt-tf-0--0 o
.\3>libertine-6pt-tt-tf-0--0 o
.etc.


Overfull \hbox (0.2463pt too wide) in paragraph at lines 131--189
 \3>libertine-6pt-tt-tf-0--0 /boot/vmlinuz-󰁢.󰁟󰁠.󰁜-rc󰁢-󰁜󰁜󰁣󰁠󰁢-g󰁟b󰁡󰁣c󰁜a-dirty /boot/vmlinuz-󰁢.󰁟󰁠.󰁜-rc󰁥 /boot/vmlinuz-󰁢.󰁟󰁠.󰁜-rc󰁥perf /boot/vmlinuz-󰁢.󰁟󰁠.󰁜-rc󰁥perf.old 

\hbox(3.54861+1.0459)x375.57637, direction TLT
.\glue(\leftskip) 5.69054
.\3>libertine-6pt-tt-tf-0--0 /
.\3>libertine-6pt-tt-tf-0--0 b
.\3>libertine-6pt-tt-tf-0--0 o
.\3>libertine-6pt-tt-tf-0--0 o
.etc.


Overfull \hbox (3.03946pt too wide) in paragraph at lines 190--294
 [][]\3>libertine-6pt-tt-tf-0--0 # event : name = cpu-cycles, , size = 󰁟󰁟󰁠, { sample_period, sample_freq } = 󰁢󰁧, sample_type = IP|TID|TIME|PERIOD, disabled = 󰁟, inherit

\hbox(5.1892+2.01802)x375.57637, direction TLT
.\glue(\leftskip) 5.69054
.\localpar
..\localinterlinepenalty=0
..\localbrokenpenalty=0
..\localleftbox=null
..\localrightbox=null
.\latelua0 <function 469>
.\hbox(5.1892+2.01802)x0.0, direction TLT
.\3>libertine-6pt-tt-tf-0--0 #
.etc.

pages           > flushing realpage 15, userpage 14
fonts           > bodyfont '6.0pt' is defined (can better be done global)
fonts           > bodyfont '7.2pt' is defined (can better be done global)
fonts           > bodyfont '4.8pt' is defined (can better be done global)
fonts           > bodyfont '6.0pt' is defined (can better be done global)
fonts           > bodyfont '7.2pt' is defined (can better be done global)
fonts           > bodyfont '4.8pt' is defined (can better be done global)
close source    > level 3, order 13, name 'recording-events.tex'
open source     > level 3, order 14, name 'trace.tex'
pages           > flushing realpage 16, userpage 15
fonts           > bodyfont '6.0pt' is defined (can better be done global)
fonts           > bodyfont '7.2pt' is defined (can better be done global)
fonts           > bodyfont '4.8pt' is defined (can better be done global)
fonts           > bodyfont '6.0pt' is defined (can better be done global)
fonts           > bodyfont '7.2pt' is defined (can better be done global)
fonts           > bodyfont '4.8pt' is defined (can better be done global)
fonts           > bodyfont '6.0pt' is defined (can better be done global)
fonts           > bodyfont '7.2pt' is defined (can better be done global)
fonts           > bodyfont '4.8pt' is defined (can better be done global)
fonts           > bodyfont '6.0pt' is defined (can better be done global)
fonts           > bodyfont '7.2pt' is defined (can better be done global)
fonts           > bodyfont '4.8pt' is defined (can better be done global)
pages           > flushing realpage 17, userpage 16
fonts           > bodyfont '6.0pt' is defined (can better be done global)
fonts           > bodyfont '7.2pt' is defined (can better be done global)
fonts           > bodyfont '4.8pt' is defined (can better be done global)
close source    > level 3, order 14, name 'trace.tex'
open source     > level 3, order 15, name 'scheduling.tex'
pages           > flushing realpage 18, userpage 17
structure       > sectioning > chapter @ level 2 : 0.6 -> Scheduling
structure       > sectioning > section @ level 3 : 0.6.1 -> perf sched
fonts           > bodyfont '6.0pt' is defined (can better be done global)
fonts           > bodyfont '7.2pt' is defined (can better be done global)
fonts           > bodyfont '4.8pt' is defined (can better be done global)
fonts           > bodyfont '6.0pt' is defined (can better be done global)
fonts           > bodyfont '7.2pt' is defined (can better be done global)
fonts           > bodyfont '4.8pt' is defined (can better be done global)
fonts           > bodyfont '6.0pt' is defined (can better be done global)
fonts           > bodyfont '7.2pt' is defined (can better be done global)
fonts           > bodyfont '4.8pt' is defined (can better be done global)
pages           > flushing realpage 19, userpage 18
fonts           > bodyfont '6.0pt' is defined (can better be done global)
fonts           > bodyfont '7.2pt' is defined (can better be done global)
fonts           > bodyfont '4.8pt' is defined (can better be done global)
fonts           > bodyfont '6.0pt' is defined (can better be done global)
fonts           > bodyfont '7.2pt' is defined (can better be done global)
fonts           > bodyfont '4.8pt' is defined (can better be done global)

Overfull \hbox (86.12267pt too wide) in paragraph at lines 348--453
 [][]     \3>libertine-6pt-tt-tf-0--0 󰁠󰁧󰁟.󰁢󰁦󰁟󰁧󰁤󰁡 [󰁜󰁜󰁜󰁣]       s     Xorg[󰁟󰁦󰁦󰁢]                          󰁜.󰁜󰁜󰁜      󰁜.󰁜󰁜󰁜      󰁜.󰁜󰁡󰁥                                    schedule_hrtimeout_range_clock

\hbox(5.1892+2.01802)x375.57637, direction TLT
.\glue(\leftskip) 5.69054
.\localpar
..\localinterlinepenalty=0
..\localbrokenpenalty=0
..\localleftbox=null
..\localrightbox=null
.\latelua0 <function 544>
.\hbox(5.1892+2.01802)x0.0, direction TLT
.\glue 2.80403
.etc.


Overfull \hbox (30.61427pt too wide) in paragraph at lines 454--554
 [][]     \3>libertine-6pt-tt-tf-0--0 󰁠󰁧󰁟.󰁢󰁦󰁠󰁜󰁟󰁧 [󰁜󰁜󰁜󰁟]   s         irq/󰁡󰁟-nvidia[󰁟󰁧󰁦󰁜]                 󰁜.󰁜󰁜󰁜      󰁜.󰁜󰁜󰁜      󰁜.󰁟󰁣󰁠                                    irq_thread

\hbox(5.1892+2.01802)x375.57637, direction TLT
.\glue(\leftskip) 5.69054
.\localpar
..\localinterlinepenalty=0
..\localbrokenpenalty=0
..\localleftbox=null
..\localrightbox=null
.\latelua0 <function 534>
.\hbox(5.1892+2.01802)x0.0, direction TLT
.\glue 2.80403
.etc.


Overfull \hbox (86.12267pt too wide) in paragraph at lines 706--811
 [][]     \3>libertine-6pt-tt-tf-0--0 󰁠󰁧󰁟.󰁢󰁦󰁠󰁟󰁥󰁣 [󰁜󰁜󰁜󰁤]        s    perf[󰁤󰁡󰁟󰁧]                          󰁜.󰁜󰁜󰁜      󰁜.󰁜󰁜󰁜      󰁜.󰁜󰁜󰁜                                    schedule_hrtimeout_range_clock

\hbox(5.1892+2.01802)x375.57637, direction TLT
.\glue(\leftskip) 5.69054
.\localpar
..\localinterlinepenalty=0
..\localbrokenpenalty=0
..\localleftbox=null
..\localrightbox=null
.\latelua0 <function 559>
.\hbox(5.1892+2.01802)x0.0, direction TLT
.\glue 2.80403
.etc.

pages           > flushing realpage 20, userpage 19

Overfull \hbox (2.54596pt too wide) in paragraph at lines 957--1040
 [][]     \3>libertine-6pt-tt-tf-0--0 󰁠󰁧󰁟.󰁢󰁦󰁠󰁣󰁤󰁧 [󰁜󰁜󰁜󰁤]         m     kworker/u󰁟󰁤:󰁡[󰁠󰁠󰁥]                                               migrated: terminator[󰁤󰁜󰁡󰁜] cpu 󰁟

\hbox(5.1892+2.01802)x375.57637, direction TLT
.\glue(\leftskip) 5.69054
.\localpar
..\localinterlinepenalty=0
..\localbrokenpenalty=0
..\localleftbox=null
..\localrightbox=null
.\latelua0 <function 465>
.\hbox(5.1892+2.01802)x0.0, direction TLT
.\glue 2.80403
.etc.


Overfull \hbox (38.98433pt too wide) in paragraph at lines 1115--1216
 [][]     \3>libertine-6pt-tt-tf-0--0 󰁠󰁧󰁟.󰁢󰁦󰁠󰁣󰁥󰁢 [󰁜󰁜󰁜󰁤]        s    kworker/u󰁟󰁤:󰁡[󰁠󰁠󰁥]                  󰁜.󰁜󰁜󰁜      󰁜.󰁜󰁜󰁠      󰁜.󰁜󰁟󰁜                                    worker_thread

\hbox(5.1892+2.01802)x375.57637, direction TLT
.\glue(\leftskip) 5.69054
.\localpar
..\localinterlinepenalty=0
..\localbrokenpenalty=0
..\localleftbox=null
..\localrightbox=null
.\latelua0 <function 512>
.\hbox(5.1892+2.01802)x0.0, direction TLT
.\glue 2.80403
.etc.


Overfull \hbox (85.82828pt too wide) in paragraph at lines 1286--1385
 [][]     \3>libertine-6pt-tt-tf-0--0 󰁠󰁧󰁟.󰁢󰁦󰁠󰁤󰁟󰁢 [󰁜󰁜󰁜󰁠]    s        terminator[󰁤󰁜󰁡󰁜]                    󰁜.󰁜󰁜󰁜      󰁜.󰁜󰁜󰁢      󰁜.󰁜󰁡󰁥                                    schedule_hrtimeout_range_clock

\hbox(5.1892+2.01802)x375.57637, direction TLT
.\glue(\leftskip) 5.69054
.\localpar
..\localinterlinepenalty=0
..\localbrokenpenalty=0
..\localleftbox=null
..\localrightbox=null
.\latelua0 <function 534>
.\hbox(5.1892+2.01802)x0.0, direction TLT
.\glue 2.80403
.etc.

fonts           > bodyfont '6.0pt' is defined (can better be done global)
fonts           > bodyfont '7.2pt' is defined (can better be done global)
fonts           > bodyfont '4.8pt' is defined (can better be done global)
fonts           > bodyfont '6.0pt' is defined (can better be done global)
fonts           > bodyfont '7.2pt' is defined (can better be done global)
fonts           > bodyfont '4.8pt' is defined (can better be done global)
fonts           > bodyfont '6.0pt' is defined (can better be done global)
fonts           > bodyfont '7.2pt' is defined (can better be done global)
fonts           > bodyfont '4.8pt' is defined (can better be done global)
floatblocks     > '4' placed
close source    > level 3, order 15, name 'scheduling.tex'
open source     > level 3, order 16, name 'tracepoints.tex'
pages           > flushing realpage 21, userpage 20
pages           > flushing realpage 22, userpage 21
structure       > sectioning > chapter @ level 2 : 0.7 -> Tracepoints
structure       > sectioning > section @ level 3 : 0.7.1 -> What is a Tracepoint
fonts           > bodyfont '6.0pt' is defined (can better be done global)
fonts           > bodyfont '7.2pt' is defined (can better be done global)
fonts           > bodyfont '4.8pt' is defined (can better be done global)
close source    > level 3, order 16, name 'tracepoints.tex'
open source     > level 3, order 17, name 'probes.tex'
pages           > flushing realpage 23, userpage 22
pages           > flushing realpage 24, userpage 23
structure       > sectioning > chapter @ level 2 : 0.8 -> Probes
structure       > sectioning > section @ level 3 : 0.8.1 -> Userspace probing
fonts           > bodyfont '6.0pt' is defined (can better be done global)
fonts           > bodyfont '7.2pt' is defined (can better be done global)
fonts           > bodyfont '4.8pt' is defined (can better be done global)
fonts           > bodyfont '6.0pt' is defined (can better be done global)
fonts           > bodyfont '7.2pt' is defined (can better be done global)
fonts           > bodyfont '4.8pt' is defined (can better be done global)
fonts           > bodyfont '6.0pt' is defined (can better be done global)
fonts           > bodyfont '7.2pt' is defined (can better be done global)
fonts           > bodyfont '4.8pt' is defined (can better be done global)
pages           > flushing realpage 25, userpage 24
fonts           > bodyfont '6.0pt' is defined (can better be done global)
fonts           > bodyfont '7.2pt' is defined (can better be done global)
fonts           > bodyfont '4.8pt' is defined (can better be done global)
fonts           > bodyfont '6.0pt' is defined (can better be done global)
fonts           > bodyfont '7.2pt' is defined (can better be done global)
fonts           > bodyfont '4.8pt' is defined (can better be done global)
fonts           > bodyfont '6.0pt' is defined (can better be done global)
fonts           > bodyfont '7.2pt' is defined (can better be done global)
fonts           > bodyfont '4.8pt' is defined (can better be done global)
fonts           > bodyfont '6.0pt' is defined (can better be done global)
fonts           > bodyfont '7.2pt' is defined (can better be done global)
fonts           > bodyfont '4.8pt' is defined (can better be done global)
fonts           > bodyfont '6.0pt' is defined (can better be done global)
fonts           > bodyfont '7.2pt' is defined (can better be done global)
fonts           > bodyfont '4.8pt' is defined (can better be done global)
pages           > flushing realpage 26, userpage 25
fonts           > bodyfont '6.0pt' is defined (can better be done global)
fonts           > bodyfont '7.2pt' is defined (can better be done global)
fonts           > bodyfont '4.8pt' is defined (can better be done global)
structure       > sectioning > subsection @ level 4 : 0.8.1.1 -> Heatmap
fonts           > bodyfont '6.0pt' is defined (can better be done global)
fonts           > bodyfont '7.2pt' is defined (can better be done global)
fonts           > bodyfont '4.8pt' is defined (can better be done global)
fonts           > bodyfont '6.0pt' is defined (can better be done global)
fonts           > bodyfont '7.2pt' is defined (can better be done global)
fonts           > bodyfont '4.8pt' is defined (can better be done global)
fonts           > bodyfont '6.0pt' is defined (can better be done global)
fonts           > bodyfont '7.2pt' is defined (can better be done global)
fonts           > bodyfont '4.8pt' is defined (can better be done global)
fonts           > bodyfont '6.0pt' is defined (can better be done global)
fonts           > bodyfont '7.2pt' is defined (can better be done global)
fonts           > bodyfont '4.8pt' is defined (can better be done global)
fonts           > bodyfont '6.0pt' is defined (can better be done global)
fonts           > bodyfont '7.2pt' is defined (can better be done global)
fonts           > bodyfont '4.8pt' is defined (can better be done global)
pages           > flushing realpage 27, userpage 26
fonts           > bodyfont '6.0pt' is defined (can better be done global)
fonts           > bodyfont '7.2pt' is defined (can better be done global)
fonts           > bodyfont '4.8pt' is defined (can better be done global)
floatblocks     > '5' placed
structure       > sectioning > section @ level 3 : 0.8.2 -> Kernel probing
fonts           > bodyfont '6.0pt' is defined (can better be done global)
fonts           > bodyfont '7.2pt' is defined (can better be done global)
fonts           > bodyfont '4.8pt' is defined (can better be done global)
fonts           > bodyfont '6.0pt' is defined (can better be done global)
fonts           > bodyfont '7.2pt' is defined (can better be done global)
fonts           > bodyfont '4.8pt' is defined (can better be done global)
fonts           > bodyfont '6.0pt' is defined (can better be done global)
fonts           > bodyfont '7.2pt' is defined (can better be done global)
fonts           > bodyfont '4.8pt' is defined (can better be done global)
fonts           > bodyfont '6.0pt' is defined (can better be done global)
fonts           > bodyfont '7.2pt' is defined (can better be done global)
fonts           > bodyfont '4.8pt' is defined (can better be done global)
pages           > flushing realpage 28, userpage 27
fonts           > bodyfont '6.0pt' is defined (can better be done global)
fonts           > bodyfont '7.2pt' is defined (can better be done global)
fonts           > bodyfont '4.8pt' is defined (can better be done global)
fonts           > bodyfont '6.0pt' is defined (can better be done global)
fonts           > bodyfont '7.2pt' is defined (can better be done global)
fonts           > bodyfont '4.8pt' is defined (can better be done global)
fonts           > bodyfont '6.0pt' is defined (can better be done global)
fonts           > bodyfont '7.2pt' is defined (can better be done global)
fonts           > bodyfont '4.8pt' is defined (can better be done global)
fonts           > bodyfont '6.0pt' is defined (can better be done global)
fonts           > bodyfont '7.2pt' is defined (can better be done global)
fonts           > bodyfont '4.8pt' is defined (can better be done global)
close source    > level 3, order 17, name 'probes.tex'
open source     > level 3, order 18, name 'flamegraph.tex'
pages           > flushing realpage 29, userpage 28
pages           > flushing realpage 30, userpage 29
structure       > sectioning > chapter @ level 2 : 0.9 -> Flamegraph
structure       > sectioning > section @ level 3 : 0.9.1 -> Call-Stacks
fonts           > bodyfont '6.0pt' is defined (can better be done global)
fonts           > bodyfont '7.2pt' is defined (can better be done global)
fonts           > bodyfont '4.8pt' is defined (can better be done global)
fonts           > bodyfont '6.0pt' is defined (can better be done global)
fonts           > bodyfont '7.2pt' is defined (can better be done global)
fonts           > bodyfont '4.8pt' is defined (can better be done global)
fonts           > bodyfont '6.0pt' is defined (can better be done global)
fonts           > bodyfont '7.2pt' is defined (can better be done global)
fonts           > bodyfont '4.8pt' is defined (can better be done global)
fonts           > bodyfont '6.0pt' is defined (can better be done global)
fonts           > bodyfont '7.2pt' is defined (can better be done global)
fonts           > bodyfont '4.8pt' is defined (can better be done global)
pages           > flushing realpage 31, userpage 30
fonts           > bodyfont '6.0pt' is defined (can better be done global)
fonts           > bodyfont '7.2pt' is defined (can better be done global)
fonts           > bodyfont '4.8pt' is defined (can better be done global)
floatblocks     > '6' placed
structure       > sectioning > section @ level 3 : 0.9.2 -> Perf Flamegraph
fonts           > bodyfont '6.0pt' is defined (can better be done global)
fonts           > bodyfont '7.2pt' is defined (can better be done global)
fonts           > bodyfont '4.8pt' is defined (can better be done global)
fonts           > bodyfont '6.0pt' is defined (can better be done global)
fonts           > bodyfont '7.2pt' is defined (can better be done global)
fonts           > bodyfont '4.8pt' is defined (can better be done global)
floatblocks     > '7' placed
structure       > sectioning > section @ level 3 : 0.9.3 -> Differential Flamegraphs
pages           > flushing realpage 32, userpage 31
fonts           > bodyfont '6.0pt' is defined (can better be done global)
fonts           > bodyfont '7.2pt' is defined (can better be done global)
fonts           > bodyfont '4.8pt' is defined (can better be done global)
fonts           > bodyfont '6.0pt' is defined (can better be done global)
fonts           > bodyfont '7.2pt' is defined (can better be done global)
fonts           > bodyfont '4.8pt' is defined (can better be done global)
fonts           > bodyfont '6.0pt' is defined (can better be done global)
fonts           > bodyfont '7.2pt' is defined (can better be done global)
fonts           > bodyfont '4.8pt' is defined (can better be done global)
fonts           > bodyfont '6.0pt' is defined (can better be done global)
fonts           > bodyfont '7.2pt' is defined (can better be done global)
fonts           > bodyfont '4.8pt' is defined (can better be done global)
floatblocks     > '8' placed
structure       > sectioning > section @ level 3 : 0.9.4 -> Java Flamegraph
pages           > flushing realpage 33, userpage 32
fonts           > bodyfont '6.0pt' is defined (can better be done global)
fonts           > bodyfont '7.2pt' is defined (can better be done global)
fonts           > bodyfont '4.8pt' is defined (can better be done global)
fonts           > bodyfont '6.0pt' is defined (can better be done global)
fonts           > bodyfont '7.2pt' is defined (can better be done global)
fonts           > bodyfont '4.8pt' is defined (can better be done global)
fonts           > bodyfont '6.0pt' is defined (can better be done global)
fonts           > bodyfont '7.2pt' is defined (can better be done global)
fonts           > bodyfont '4.8pt' is defined (can better be done global)
fonts           > bodyfont '6.0pt' is defined (can better be done global)
fonts           > bodyfont '7.2pt' is defined (can better be done global)
fonts           > bodyfont '4.8pt' is defined (can better be done global)
fonts           > bodyfont '6.0pt' is defined (can better be done global)
fonts           > bodyfont '7.2pt' is defined (can better be done global)
fonts           > bodyfont '4.8pt' is defined (can better be done global)
fonts           > bodyfont '6.0pt' is defined (can better be done global)
fonts           > bodyfont '7.2pt' is defined (can better be done global)
fonts           > bodyfont '4.8pt' is defined (can better be done global)
fonts           > bodyfont '6.0pt' is defined (can better be done global)
fonts           > bodyfont '7.2pt' is defined (can better be done global)
fonts           > bodyfont '4.8pt' is defined (can better be done global)
pages           > flushing realpage 34, userpage 33
floatblocks     > '9' placed
fonts           > bodyfont '6.0pt' is defined (can better be done global)
fonts           > bodyfont '7.2pt' is defined (can better be done global)
fonts           > bodyfont '4.8pt' is defined (can better be done global)
floatblocks     > 1 saved
close source    > level 3, order 18, name 'flamegraph.tex'
structures      > end of sectionblock 'bodypart'
floatblocks     > 1 moved
pages           > flushing realpage 35, userpage 34
pages           > flushing realpage 36, userpage 35
structures      > begin of sectionblock 'appendix'
open source     > level 3, order 19, name 'appendix.tex'
structure       > sectioning > chapter @ level 2 : 0.1 -> PERLIMINARY FEATURES
structure       > sectioning > section @ level 3 : 0.1.1 -> Build top-notch perf
fonts           > bodyfont '6.0pt' is defined (can better be done global)
fonts           > bodyfont '7.2pt' is defined (can better be done global)
fonts           > bodyfont '4.8pt' is defined (can better be done global)
close source    > level 3, order 19, name 'appendix.tex'
structures      > end of sectionblock 'appendix'
pages           > flushing realpage 37, userpage 36
pages           > flushing realpage 38, userpage 37
close source    > level 2, order 19, name '/home/zkosic/git/perf/perf.tex'
close source    > level 1, order 19, name '/home/zkosic/git/context/tex/texmf-context/tex/context/base/mkiv/cont-yes.mkiv'

system          > structure > start used structure

used structure  > text: perf

system          > structure > stop used structure


system          > files > start used files

used file       >    1: filename=cont-yes.mkiv filetype=tex foundname=/home/zkosic/git/context/tex/texmf-context/tex/context/base/mkiv/cont-yes.mkiv usedmethod=database
used file       >    2: filename=publ-imp-default.lua filetype=lua foundname=/home/zkosic/git/context/tex/texmf-context/tex/context/base/mkiv/publ-imp-default.lua usedmethod=database
used file       >    3: filename=cont-new.mkiv filetype=tex foundname=/home/zkosic/git/context/tex/texmf-context/tex/context/base/mkiv/cont-new.mkiv usedmethod=database
used file       >    4: filename=lang-us.lua filetype=lua foundname=/home/zkosic/git/context/tex/texmf-context/tex/context/patterns/mkiv/lang-us.lua usedmethod=database
used file       >    5: filename=/home/zkosic/git/perf/perf foundname=/home/zkosic/git/perf/perf.tex usedmethod=qualified
used file       >    6: filename=t-caesar.tex foundname=t-caesar.tex usedmethod=direct
used file       >    7: filename=t-annotation.mkvi filetype=tex foundname=/home/zkosic/git/context/tex/texmf-modules/tex/context/third/annotation/t-annotation.mkvi usedmethod=database
used file       >    8: filename=t-annotation.lua filetype=tex format=tex foundname=/home/zkosic/git/context/tex/texmf-modules/tex/context/third/annotation/t-annotation.lua usedmethod=database
used file       >    9: filename=colo-imp-xwi.mkiv filetype=tex foundname=/home/zkosic/git/context/tex/texmf-context/tex/context/base/mkiv/colo-imp-xwi.mkiv usedmethod=database
used file       >   10: filename=/home/zkosic/.fonts/LinLibertine_R.otf format=otf foundname=/home/zkosic/.fonts/LinLibertine_R.otf usedmethod=direct
used file       >   11: filename=titlepage.pdf format=tex foundname=titlepage.pdf usedmethod=direct
used file       >   12: filename=lpdf-pdx.xml filetype=tex foundname=/home/zkosic/git/context/tex/texmf-context/tex/context/base/mkiv/lpdf-pdx.xml usedmethod=database
used file       >   13: filename=/home/zkosic/.fonts/LinLibertine_RI.otf format=otf foundname=/home/zkosic/.fonts/LinLibertine_RI.otf usedmethod=direct
used file       >   14: filename=introduction filetype=tex foundname=introduction.tex usedmethod=filesystem
used file       >   15: filename=prerequisites filetype=tex foundname=prerequisites.tex usedmethod=filesystem
used file       >   16: filename=/home/zkosic/.fonts/consola.ttf format=ttf foundname=/home/zkosic/.fonts/consola.ttf usedmethod=direct
used file       >   17: filename=metafun.mpiv filetype=mp foundname=/home/zkosic/git/context/tex/texmf-context/metapost/context/base/mpiv/metafun.mpiv usedmethod=database
used file       >   18: filename=mp-base.mpiv filetype=mp format=mp foundname=/home/zkosic/git/context/tex/texmf-context/metapost/context/base/mpiv/mp-base.mpiv usedmethod=database
used file       >   19: filename=mp-tool.mpiv filetype=mp format=mp foundname=/home/zkosic/git/context/tex/texmf-context/metapost/context/base/mpiv/mp-tool.mpiv usedmethod=database
used file       >   20: filename=mp-mlib.mpiv filetype=mp format=mp foundname=/home/zkosic/git/context/tex/texmf-context/metapost/context/base/mpiv/mp-mlib.mpiv usedmethod=database
used file       >   21: filename=mp-luas.mpiv filetype=mp format=mp foundname=/home/zkosic/git/context/tex/texmf-context/metapost/context/base/mpiv/mp-luas.mpiv usedmethod=database
used file       >   22: filename=mp-page.mpiv filetype=mp format=mp foundname=/home/zkosic/git/context/tex/texmf-context/metapost/context/base/mpiv/mp-page.mpiv usedmethod=database
used file       >   23: filename=mp-butt.mpiv filetype=mp format=mp foundname=/home/zkosic/git/context/tex/texmf-context/metapost/context/base/mpiv/mp-butt.mpiv usedmethod=database
used file       >   24: filename=mp-shap.mpiv filetype=mp format=mp foundname=/home/zkosic/git/context/tex/texmf-context/metapost/context/base/mpiv/mp-shap.mpiv usedmethod=database
used file       >   25: filename=mp-grph.mpiv filetype=mp format=mp foundname=/home/zkosic/git/context/tex/texmf-context/metapost/context/base/mpiv/mp-grph.mpiv usedmethod=database
used file       >   26: filename=mp-grid.mpiv filetype=mp format=mp foundname=/home/zkosic/git/context/tex/texmf-context/metapost/context/base/mpiv/mp-grid.mpiv usedmethod=database
used file       >   27: filename=mp-form.mpiv filetype=mp format=mp foundname=/home/zkosic/git/context/tex/texmf-context/metapost/context/base/mpiv/mp-form.mpiv usedmethod=database
used file       >   28: filename=mp-figs.mpiv filetype=mp format=mp foundname=/home/zkosic/git/context/tex/texmf-context/metapost/context/base/mpiv/mp-figs.mpiv usedmethod=database
used file       >   29: filename=mp-func.mpiv filetype=mp format=mp foundname=/home/zkosic/git/context/tex/texmf-context/metapost/context/base/mpiv/mp-func.mpiv usedmethod=database
used file       >   30: filename=mp-apos.mpiv filetype=mp format=mp foundname=/home/zkosic/git/context/tex/texmf-context/metapost/context/base/mpiv/mp-apos.mpiv usedmethod=database
used file       >   31: filename=mp-abck.mpiv filetype=mp format=mp foundname=/home/zkosic/git/context/tex/texmf-context/metapost/context/base/mpiv/mp-abck.mpiv usedmethod=database
used file       >   32: filename=fig/stack.jpg format=tex foundname=fig/stack.jpg usedmethod=direct
used file       >   33: filename=system-prerequisites filetype=tex foundname=system-prerequisites.tex usedmethod=filesystem
used file       >   34: filename=fig/activation.png format=tex foundname=fig/activation.png usedmethod=direct
used file       >   35: filename=/home/zkosic/.fonts/LinLibertine_RB.otf format=otf foundname=/home/zkosic/.fonts/LinLibertine_RB.otf usedmethod=direct
used file       >   36: filename=first-steps filetype=tex foundname=first-steps.tex usedmethod=filesystem
used file       >   37: filename=live-preview filetype=tex foundname=live-preview.tex usedmethod=filesystem
used file       >   38: filename=counting-events filetype=tex foundname=counting-events.tex usedmethod=filesystem
used file       >   39: filename=recording-events filetype=tex foundname=recording-events.tex usedmethod=filesystem
used file       >   40: filename=trace filetype=tex foundname=trace.tex usedmethod=filesystem
used file       >   41: filename=scheduling filetype=tex foundname=scheduling.tex usedmethod=filesystem
used file       >   42: filename=fig/sched.png format=tex foundname=fig/sched.png usedmethod=direct
used file       >   43: filename=tracepoints filetype=tex foundname=tracepoints.tex usedmethod=filesystem
used file       >   44: filename=probes filetype=tex foundname=probes.tex usedmethod=filesystem
used file       >   45: filename=/home/zkosic/.fonts/LinBiolinum_R.otf format=otf foundname=/home/zkosic/.fonts/LinBiolinum_R.otf usedmethod=direct
used file       >   46: filename=fig/m_k_i_v_heatmap.svg.pdf format=tex foundname=fig/m_k_i_v_heatmap.svg.pdf usedmethod=direct
used file       >   47: filename=flamegraph filetype=tex foundname=flamegraph.tex usedmethod=filesystem
used file       >   48: filename=fig/m_k_i_v_pi.man.svg.pdf format=tex foundname=fig/m_k_i_v_pi.man.svg.pdf usedmethod=direct
used file       >   49: filename=fig/m_k_i_v_pi.svg.pdf format=tex foundname=fig/m_k_i_v_pi.svg.pdf usedmethod=direct
used file       >   50: filename=fig/m_k_i_v_pi.diff12.svg.pdf format=tex foundname=fig/m_k_i_v_pi.diff12.svg.pdf usedmethod=direct
used file       >   51: filename=fig/m_k_i_v_pi.diff23.svg.pdf format=tex foundname=fig/m_k_i_v_pi.diff23.svg.pdf usedmethod=direct
used file       >   52: filename=fig/m_k_i_v_jbb.svg.pdf format=tex foundname=fig/m_k_i_v_jbb.svg.pdf usedmethod=direct
used file       >   53: filename=fig/m_k_i_v_jbb.unfold.svg.pdf format=tex foundname=fig/m_k_i_v_jbb.unfold.svg.pdf usedmethod=direct
used file       >   54: filename=appendix filetype=tex foundname=appendix.tex usedmethod=filesystem

system          > files > stop used files


system          > options > start commandline options

used option     > currentrun="2"
used option     > fulljobname="./perf"
used option     > input="./perf"
used option     > kindofrun="2"
used option     > maxnofruns="9"
used option     > no-parse-first-line="true"

system          > options > stop commandline options

system          > options > start commandline files

used file       >    1: ./perf

system          > options > stop commandline files


mkiv lua stats  > used config file: selfautoparent:/texmf/web2c/texmfcnf.lua
mkiv lua stats  > used cache path: /home/zkosic/git/context/tex/texmf-cache/luatex-cache/context/5fe67e0bfe781ce0dde776fb1556f32e
mkiv lua stats  > resource resolver: loadtime 0.006 seconds, 1 scans with scantime 0.000 seconds, 0 shared scans, 54 found files, scanned paths: /home/zkosic/texmf
mkiv lua stats  > stored bytecode data: 404 modules (0.214 sec), 91 tables (0.012 sec), 495 chunks (0.226 sec)
mkiv lua stats  > traced context: maxstack: 1235, freed: 4, unreachable: 1231
mkiv lua stats  > cleaned up reserved nodes: 52 nodes, 11 lists of 447
mkiv lua stats  > node memory usage: 3 glue, 3 penalty, 215 attribute, 49 glue_spec, 32 attribute_list, 2 temp, 2 user_defined
mkiv lua stats  > node list callback tasks: 7 unique task lists, 26 instances (re)created, 7902 calls
mkiv lua stats  > h-node processing time: 0.213 seconds including kernel
mkiv lua stats  > attribute processing time: 0.033 seconds front- and backend
mkiv lua stats  > used backend: pdf (backend for directly generating pdf output)
mkiv lua stats  > jobdata time: 0.028 seconds saving, 0.009 seconds loading
mkiv lua stats  > callbacks: 15662 direct, 3767 indirect, 19429 total
mkiv lua stats  > randomizer: resumed with value 0.91192299402874
mkiv lua stats  > positions: 1000 collected, 990 regular, 10 special
mkiv lua stats  > v-node processing time: 0.034 seconds 
mkiv lua stats  > loaded tex modules: 2 requested, all found (*-annotation *-caesar)
mkiv lua stats  > loaded patterns: en::2, load time: 0.000
mkiv lua stats  > interactive elements: 37 references, 44 destinations
mkiv lua stats  > result saved in file: perf.pdf, compresslevel 3, objectcompresslevel 3
mkiv lua stats  > margin data: 16 entries, 0 pending
mkiv lua stats  > loaded fonts: 5 files: consola.ttf, linbiolinum_r.otf, linlibertine_r.otf, linlibertine_rb.otf, linlibertine_ri.otf
mkiv lua stats  > font engine: otf 3.029, afm 1.512, tfm 1.000, 18 instances, 13 shared in backend, 2 common vectors, 11 common hashes, load time 0.241 seconds 
mkiv lua stats  > metapost processing time: 0.022 seconds, loading: 0.012, execution: 0.015, n: 86, average: 0.001, instances: 1, memory: 2.373 M
mkiv lua stats  > graphics processing time: 0.011 seconds including tex, 11 processed images, 11 unique asked, 2 bad names
mkiv lua stats  > pdf annotations: 37 links (37 unique), 0 special
mkiv lua stats  > used platform: linux-64, type: unix, binary subtree: texmf-linux-64
mkiv lua stats  > luatex banner: this is luatex, version 1.05.0 (tex live 2017)
mkiv lua stats  > control sequences: 46656 of 65536 + 100000
mkiv lua stats  > lua properties: engine: lua, used memory: 113 MB (ctx: 112 MB), hash type: lua, hash chars: min(64,40), symbol mask: utf (τεχ)
mkiv lua stats  > runtime: 1.701 seconds, 38 processed pages, 38 shipped pages, 22.340 pages/second

